2024-08-27 12:25:20,850 [Worker-5: Loading available Gradle versions] INFO  o.e.b.c.i.u.g.PublishedGradleVersions - Gradle version information cache is out-of-date. Trying to update.
2024-08-27 12:25:21,750 [Worker-5: Loading available Gradle versions] INFO  o.e.b.c.i.u.g.PublishedGradleVersions - Updating Gradle version information cache failed. Using outdated cache.
2024-08-27 13:34:50,107 [ModalContext] INFO  o.e.m.c.i.e.AbstractTransferListenerAdapter - Downloading https://repo.maven.apache.org/maven2/org/apache/maven/archetypes/maven-archetype-webapp/1.4/maven-archetype-webapp-1.4.pom
2024-08-27 13:34:50,133 [ModalContext] INFO  o.e.m.c.i.e.AbstractTransferListenerAdapter - Downloaded https://repo.maven.apache.org/maven2/org/apache/maven/archetypes/maven-archetype-webapp/1.4/maven-archetype-webapp-1.4.pom
2024-08-27 13:34:50,517 [ModalContext] INFO  o.e.m.c.i.e.AbstractTransferListenerAdapter - Downloading https://repo.maven.apache.org/maven2/org/apache/maven/archetypes/maven-archetype-webapp/1.4/maven-archetype-webapp-1.4.jar
2024-08-27 13:34:50,529 [ModalContext] INFO  o.e.m.c.i.e.AbstractTransferListenerAdapter - Downloaded https://repo.maven.apache.org/maven2/org/apache/maven/archetypes/maven-archetype-webapp/1.4/maven-archetype-webapp-1.4.jar
2024-08-27 13:35:30,394 [Worker-14: Launching mavenrun-e329193c-8773-4dcd-b4d7-9e04aee93e52] INFO  o.eclipse.m2e.core.internal.Bundles - getClasspathEntries(Bundle=org.eclipse.m2e.maven.runtime_3.9.600.20231203-1234 [635])
2024-08-27 13:35:30,397 [Worker-14: Launching mavenrun-e329193c-8773-4dcd-b4d7-9e04aee93e52] INFO  o.eclipse.m2e.core.internal.Bundles - 	Entry: C:\Users\Vaishnavi\.p2\pool\plugins\org.eclipse.m2e.maven.runtime_3.9.600.20231203-1234
2024-08-27 13:35:30,398 [Worker-14: Launching mavenrun-e329193c-8773-4dcd-b4d7-9e04aee93e52] INFO  o.eclipse.m2e.core.internal.Bundles - 	Entry: C:\Users\Vaishnavi\.p2\pool\plugins\org.eclipse.m2e.maven.runtime_3.9.600.20231203-1234\jars\aopalliance-1.0.jar
2024-08-27 13:35:30,398 [Worker-14: Launching mavenrun-e329193c-8773-4dcd-b4d7-9e04aee93e52] INFO  o.eclipse.m2e.core.internal.Bundles - 	Entry: C:\Users\Vaishnavi\.p2\pool\plugins\org.eclipse.m2e.maven.runtime_3.9.600.20231203-1234\jars\guice-5.1.0.jar
2024-08-27 13:35:30,399 [Worker-14: Launching mavenrun-e329193c-8773-4dcd-b4d7-9e04aee93e52] INFO  o.eclipse.m2e.core.internal.Bundles - 	Entry: C:\Users\Vaishnavi\.p2\pool\plugins\org.eclipse.m2e.maven.runtime_3.9.600.20231203-1234\jars\httpclient-4.5.14.jar
2024-08-27 13:35:30,399 [Worker-14: Launching mavenrun-e329193c-8773-4dcd-b4d7-9e04aee93e52] INFO  o.eclipse.m2e.core.internal.Bundles - 	Entry: C:\Users\Vaishnavi\.p2\pool\plugins\org.eclipse.m2e.maven.runtime_3.9.600.20231203-1234\jars\httpcore-4.4.16.jar
2024-08-27 13:35:30,400 [Worker-14: Launching mavenrun-e329193c-8773-4dcd-b4d7-9e04aee93e52] INFO  o.eclipse.m2e.core.internal.Bundles - 	Entry: C:\Users\Vaishnavi\.p2\pool\plugins\org.eclipse.m2e.maven.runtime_3.9.600.20231203-1234\jars\jansi-2.4.0.jar
2024-08-27 13:35:30,400 [Worker-14: Launching mavenrun-e329193c-8773-4dcd-b4d7-9e04aee93e52] INFO  o.eclipse.m2e.core.internal.Bundles - 	Entry: C:\Users\Vaishnavi\.p2\pool\plugins\org.eclipse.m2e.maven.runtime_3.9.600.20231203-1234\jars\jcl-over-slf4j-1.7.36.jar
2024-08-27 13:35:30,400 [Worker-14: Launching mavenrun-e329193c-8773-4dcd-b4d7-9e04aee93e52] INFO  o.eclipse.m2e.core.internal.Bundles - 	Entry: C:\Users\Vaishnavi\.p2\pool\plugins\org.eclipse.m2e.maven.runtime_3.9.600.20231203-1234\jars\maven-artifact-3.9.6.jar
2024-08-27 13:35:30,401 [Worker-14: Launching mavenrun-e329193c-8773-4dcd-b4d7-9e04aee93e52] INFO  o.eclipse.m2e.core.internal.Bundles - 	Entry: C:\Users\Vaishnavi\.p2\pool\plugins\org.eclipse.m2e.maven.runtime_3.9.600.20231203-1234\jars\maven-builder-support-3.9.6.jar
2024-08-27 13:35:30,401 [Worker-14: Launching mavenrun-e329193c-8773-4dcd-b4d7-9e04aee93e52] INFO  o.eclipse.m2e.core.internal.Bundles - 	Entry: C:\Users\Vaishnavi\.p2\pool\plugins\org.eclipse.m2e.maven.runtime_3.9.600.20231203-1234\jars\maven-compat-3.9.6.jar
2024-08-27 13:35:30,402 [Worker-14: Launching mavenrun-e329193c-8773-4dcd-b4d7-9e04aee93e52] INFO  o.eclipse.m2e.core.internal.Bundles - 	Entry: C:\Users\Vaishnavi\.p2\pool\plugins\org.eclipse.m2e.maven.runtime_3.9.600.20231203-1234\jars\maven-core-3.9.6.jar
2024-08-27 13:35:30,403 [Worker-14: Launching mavenrun-e329193c-8773-4dcd-b4d7-9e04aee93e52] INFO  o.eclipse.m2e.core.internal.Bundles - 	Entry: C:\Users\Vaishnavi\.p2\pool\plugins\org.eclipse.m2e.maven.runtime_3.9.600.20231203-1234\jars\maven-embedder-3.9.6.jar
2024-08-27 13:35:30,403 [Worker-14: Launching mavenrun-e329193c-8773-4dcd-b4d7-9e04aee93e52] INFO  o.eclipse.m2e.core.internal.Bundles - 	Entry: C:\Users\Vaishnavi\.p2\pool\plugins\org.eclipse.m2e.maven.runtime_3.9.600.20231203-1234\jars\maven-model-3.9.6.jar
2024-08-27 13:35:30,404 [Worker-14: Launching mavenrun-e329193c-8773-4dcd-b4d7-9e04aee93e52] INFO  o.eclipse.m2e.core.internal.Bundles - 	Entry: C:\Users\Vaishnavi\.p2\pool\plugins\org.eclipse.m2e.maven.runtime_3.9.600.20231203-1234\jars\maven-model-builder-3.9.6.jar
2024-08-27 13:35:30,404 [Worker-14: Launching mavenrun-e329193c-8773-4dcd-b4d7-9e04aee93e52] INFO  o.eclipse.m2e.core.internal.Bundles - 	Entry: C:\Users\Vaishnavi\.p2\pool\plugins\org.eclipse.m2e.maven.runtime_3.9.600.20231203-1234\jars\maven-plugin-api-3.9.6.jar
2024-08-27 13:35:30,404 [Worker-14: Launching mavenrun-e329193c-8773-4dcd-b4d7-9e04aee93e52] INFO  o.eclipse.m2e.core.internal.Bundles - 	Entry: C:\Users\Vaishnavi\.p2\pool\plugins\org.eclipse.m2e.maven.runtime_3.9.600.20231203-1234\jars\maven-repository-metadata-3.9.6.jar
2024-08-27 13:35:30,405 [Worker-14: Launching mavenrun-e329193c-8773-4dcd-b4d7-9e04aee93e52] INFO  o.eclipse.m2e.core.internal.Bundles - 	Entry: C:\Users\Vaishnavi\.p2\pool\plugins\org.eclipse.m2e.maven.runtime_3.9.600.20231203-1234\jars\maven-resolver-api-1.9.18.jar
2024-08-27 13:35:30,406 [Worker-14: Launching mavenrun-e329193c-8773-4dcd-b4d7-9e04aee93e52] INFO  o.eclipse.m2e.core.internal.Bundles - 	Entry: C:\Users\Vaishnavi\.p2\pool\plugins\org.eclipse.m2e.maven.runtime_3.9.600.20231203-1234\jars\maven-resolver-connector-basic-1.9.18.jar
2024-08-27 13:35:30,406 [Worker-14: Launching mavenrun-e329193c-8773-4dcd-b4d7-9e04aee93e52] INFO  o.eclipse.m2e.core.internal.Bundles - 	Entry: C:\Users\Vaishnavi\.p2\pool\plugins\org.eclipse.m2e.maven.runtime_3.9.600.20231203-1234\jars\maven-resolver-impl-1.9.18.jar
2024-08-27 13:35:30,407 [Worker-14: Launching mavenrun-e329193c-8773-4dcd-b4d7-9e04aee93e52] INFO  o.eclipse.m2e.core.internal.Bundles - 	Entry: C:\Users\Vaishnavi\.p2\pool\plugins\org.eclipse.m2e.maven.runtime_3.9.600.20231203-1234\jars\maven-resolver-named-locks-1.9.18.jar
2024-08-27 13:35:30,408 [Worker-14: Launching mavenrun-e329193c-8773-4dcd-b4d7-9e04aee93e52] INFO  o.eclipse.m2e.core.internal.Bundles - 	Entry: C:\Users\Vaishnavi\.p2\pool\plugins\org.eclipse.m2e.maven.runtime_3.9.600.20231203-1234\jars\maven-resolver-provider-3.9.6.jar
2024-08-27 13:35:30,409 [Worker-14: Launching mavenrun-e329193c-8773-4dcd-b4d7-9e04aee93e52] INFO  o.eclipse.m2e.core.internal.Bundles - 	Entry: C:\Users\Vaishnavi\.p2\pool\plugins\org.eclipse.m2e.maven.runtime_3.9.600.20231203-1234\jars\maven-resolver-spi-1.9.18.jar
2024-08-27 13:35:30,410 [Worker-14: Launching mavenrun-e329193c-8773-4dcd-b4d7-9e04aee93e52] INFO  o.eclipse.m2e.core.internal.Bundles - 	Entry: C:\Users\Vaishnavi\.p2\pool\plugins\org.eclipse.m2e.maven.runtime_3.9.600.20231203-1234\jars\maven-resolver-transport-file-1.9.18.jar
2024-08-27 13:35:30,410 [Worker-14: Launching mavenrun-e329193c-8773-4dcd-b4d7-9e04aee93e52] INFO  o.eclipse.m2e.core.internal.Bundles - 	Entry: C:\Users\Vaishnavi\.p2\pool\plugins\org.eclipse.m2e.maven.runtime_3.9.600.20231203-1234\jars\maven-resolver-transport-http-1.9.18.jar
2024-08-27 13:35:30,412 [Worker-14: Launching mavenrun-e329193c-8773-4dcd-b4d7-9e04aee93e52] INFO  o.eclipse.m2e.core.internal.Bundles - 	Entry: C:\Users\Vaishnavi\.p2\pool\plugins\org.eclipse.m2e.maven.runtime_3.9.600.20231203-1234\jars\maven-resolver-transport-wagon-1.9.18.jar
2024-08-27 13:35:30,413 [Worker-14: Launching mavenrun-e329193c-8773-4dcd-b4d7-9e04aee93e52] INFO  o.eclipse.m2e.core.internal.Bundles - 	Entry: C:\Users\Vaishnavi\.p2\pool\plugins\org.eclipse.m2e.maven.runtime_3.9.600.20231203-1234\jars\maven-resolver-util-1.9.18.jar
2024-08-27 13:35:30,414 [Worker-14: Launching mavenrun-e329193c-8773-4dcd-b4d7-9e04aee93e52] INFO  o.eclipse.m2e.core.internal.Bundles - 	Entry: C:\Users\Vaishnavi\.p2\pool\plugins\org.eclipse.m2e.maven.runtime_3.9.600.20231203-1234\jars\maven-settings-3.9.6.jar
2024-08-27 13:35:30,414 [Worker-14: Launching mavenrun-e329193c-8773-4dcd-b4d7-9e04aee93e52] INFO  o.eclipse.m2e.core.internal.Bundles - 	Entry: C:\Users\Vaishnavi\.p2\pool\plugins\org.eclipse.m2e.maven.runtime_3.9.600.20231203-1234\jars\maven-settings-builder-3.9.6.jar
2024-08-27 13:35:30,416 [Worker-14: Launching mavenrun-e329193c-8773-4dcd-b4d7-9e04aee93e52] INFO  o.eclipse.m2e.core.internal.Bundles - 	Entry: C:\Users\Vaishnavi\.p2\pool\plugins\org.eclipse.m2e.maven.runtime_3.9.600.20231203-1234\jars\maven-shared-utils-3.3.4.jar
2024-08-27 13:35:30,416 [Worker-14: Launching mavenrun-e329193c-8773-4dcd-b4d7-9e04aee93e52] INFO  o.eclipse.m2e.core.internal.Bundles - 	Entry: C:\Users\Vaishnavi\.p2\pool\plugins\org.eclipse.m2e.maven.runtime_3.9.600.20231203-1234\jars\org.eclipse.sisu.inject-0.9.0.M2.jar
2024-08-27 13:35:30,417 [Worker-14: Launching mavenrun-e329193c-8773-4dcd-b4d7-9e04aee93e52] INFO  o.eclipse.m2e.core.internal.Bundles - 	Entry: C:\Users\Vaishnavi\.p2\pool\plugins\org.eclipse.m2e.maven.runtime_3.9.600.20231203-1234\jars\org.eclipse.sisu.plexus-0.9.0.M2.jar
2024-08-27 13:35:30,417 [Worker-14: Launching mavenrun-e329193c-8773-4dcd-b4d7-9e04aee93e52] INFO  o.eclipse.m2e.core.internal.Bundles - 	Entry: C:\Users\Vaishnavi\.p2\pool\plugins\org.eclipse.m2e.maven.runtime_3.9.600.20231203-1234\jars\plexus-build-api-0.0.7.jar
2024-08-27 13:35:30,417 [Worker-14: Launching mavenrun-e329193c-8773-4dcd-b4d7-9e04aee93e52] INFO  o.eclipse.m2e.core.internal.Bundles - 	Entry: C:\Users\Vaishnavi\.p2\pool\plugins\org.eclipse.m2e.maven.runtime_3.9.600.20231203-1234\jars\plexus-cipher-2.0.jar
2024-08-27 13:35:30,417 [Worker-14: Launching mavenrun-e329193c-8773-4dcd-b4d7-9e04aee93e52] INFO  o.eclipse.m2e.core.internal.Bundles - 	Entry: C:\Users\Vaishnavi\.p2\pool\plugins\org.eclipse.m2e.maven.runtime_3.9.600.20231203-1234\jars\plexus-classworlds-2.7.0.jar
2024-08-27 13:35:30,418 [Worker-14: Launching mavenrun-e329193c-8773-4dcd-b4d7-9e04aee93e52] INFO  o.eclipse.m2e.core.internal.Bundles - 	Entry: C:\Users\Vaishnavi\.p2\pool\plugins\org.eclipse.m2e.maven.runtime_3.9.600.20231203-1234\jars\plexus-component-annotations-2.1.0.jar
2024-08-27 13:35:30,418 [Worker-14: Launching mavenrun-e329193c-8773-4dcd-b4d7-9e04aee93e52] INFO  o.eclipse.m2e.core.internal.Bundles - 	Entry: C:\Users\Vaishnavi\.p2\pool\plugins\org.eclipse.m2e.maven.runtime_3.9.600.20231203-1234\jars\plexus-interpolation-1.26.jar
2024-08-27 13:35:30,419 [Worker-14: Launching mavenrun-e329193c-8773-4dcd-b4d7-9e04aee93e52] INFO  o.eclipse.m2e.core.internal.Bundles - 	Entry: C:\Users\Vaishnavi\.p2\pool\plugins\org.eclipse.m2e.maven.runtime_3.9.600.20231203-1234\jars\plexus-sec-dispatcher-2.0.jar
2024-08-27 13:35:30,419 [Worker-14: Launching mavenrun-e329193c-8773-4dcd-b4d7-9e04aee93e52] INFO  o.eclipse.m2e.core.internal.Bundles - 	Entry: C:\Users\Vaishnavi\.p2\pool\plugins\org.eclipse.m2e.maven.runtime_3.9.600.20231203-1234\jars\plexus-utils-3.5.1.jar
2024-08-27 13:35:30,420 [Worker-14: Launching mavenrun-e329193c-8773-4dcd-b4d7-9e04aee93e52] INFO  o.eclipse.m2e.core.internal.Bundles - 	Entry: C:\Users\Vaishnavi\.p2\pool\plugins\org.eclipse.m2e.maven.runtime_3.9.600.20231203-1234\jars\wagon-file-3.5.3.jar
2024-08-27 13:35:30,420 [Worker-14: Launching mavenrun-e329193c-8773-4dcd-b4d7-9e04aee93e52] INFO  o.eclipse.m2e.core.internal.Bundles - 	Entry: C:\Users\Vaishnavi\.p2\pool\plugins\org.eclipse.m2e.maven.runtime_3.9.600.20231203-1234\jars\wagon-http-3.5.3.jar
2024-08-27 13:35:30,422 [Worker-14: Launching mavenrun-e329193c-8773-4dcd-b4d7-9e04aee93e52] INFO  o.eclipse.m2e.core.internal.Bundles - 	Entry: C:\Users\Vaishnavi\.p2\pool\plugins\org.eclipse.m2e.maven.runtime_3.9.600.20231203-1234\jars\wagon-http-shared-3.5.3.jar
2024-08-27 13:35:30,423 [Worker-14: Launching mavenrun-e329193c-8773-4dcd-b4d7-9e04aee93e52] INFO  o.eclipse.m2e.core.internal.Bundles - 	Entry: C:\Users\Vaishnavi\.p2\pool\plugins\org.eclipse.m2e.maven.runtime_3.9.600.20231203-1234\jars\wagon-provider-api-3.5.3.jar
2024-08-27 13:35:30,425 [Worker-14: Launching mavenrun-e329193c-8773-4dcd-b4d7-9e04aee93e52] INFO  o.eclipse.m2e.core.internal.Bundles - getClasspathEntries(Bundle=com.google.guava_33.0.0.jre [14])
2024-08-27 13:35:30,427 [Worker-14: Launching mavenrun-e329193c-8773-4dcd-b4d7-9e04aee93e52] INFO  o.eclipse.m2e.core.internal.Bundles - 	Entry: C:\Users\Vaishnavi\.p2\pool\plugins\com.google.guava_33.0.0.jre.jar
2024-08-27 13:35:30,427 [Worker-14: Launching mavenrun-e329193c-8773-4dcd-b4d7-9e04aee93e52] INFO  o.eclipse.m2e.core.internal.Bundles - getClasspathEntries(Bundle=slf4j.api_2.0.12 [998])
2024-08-27 13:35:30,429 [Worker-14: Launching mavenrun-e329193c-8773-4dcd-b4d7-9e04aee93e52] INFO  o.eclipse.m2e.core.internal.Bundles - 	Entry: C:\Users\Vaishnavi\.p2\pool\plugins\slf4j.api_2.0.12.jar
2024-08-27 13:35:30,429 [Worker-14: Launching mavenrun-e329193c-8773-4dcd-b4d7-9e04aee93e52] INFO  o.eclipse.m2e.core.internal.Bundles - getClasspathEntries(Bundle=jakarta.inject.jakarta.inject-api_1.0.5 [32])
2024-08-27 13:35:30,430 [Worker-14: Launching mavenrun-e329193c-8773-4dcd-b4d7-9e04aee93e52] INFO  o.eclipse.m2e.core.internal.Bundles - 	Entry: C:\Users\Vaishnavi\.p2\pool\plugins\jakarta.inject.jakarta.inject-api_1.0.5.jar
2024-08-27 13:35:30,430 [Worker-14: Launching mavenrun-e329193c-8773-4dcd-b4d7-9e04aee93e52] INFO  o.eclipse.m2e.core.internal.Bundles - getClasspathEntries(Bundle=jakarta.annotation-api_1.3.5 [27])
2024-08-27 13:35:30,430 [Worker-14: Launching mavenrun-e329193c-8773-4dcd-b4d7-9e04aee93e52] INFO  o.eclipse.m2e.core.internal.Bundles - 	Entry: C:\Users\Vaishnavi\.p2\pool\plugins\jakarta.annotation-api_1.3.5.jar
2024-08-27 13:35:30,431 [Worker-14: Launching mavenrun-e329193c-8773-4dcd-b4d7-9e04aee93e52] INFO  o.eclipse.m2e.core.internal.Bundles - getClasspathEntries(Bundle=org.apache.commons.cli_1.6.0 [75])
2024-08-27 13:35:30,431 [Worker-14: Launching mavenrun-e329193c-8773-4dcd-b4d7-9e04aee93e52] INFO  o.eclipse.m2e.core.internal.Bundles - 	Entry: C:\Users\Vaishnavi\.p2\pool\plugins\org.apache.commons.cli_1.6.0.jar
2024-08-27 13:35:30,431 [Worker-14: Launching mavenrun-e329193c-8773-4dcd-b4d7-9e04aee93e52] INFO  o.eclipse.m2e.core.internal.Bundles - getClasspathEntries(Bundle=org.apache.commons.commons-codec_1.16.0 [78])
2024-08-27 13:35:30,432 [Worker-14: Launching mavenrun-e329193c-8773-4dcd-b4d7-9e04aee93e52] INFO  o.eclipse.m2e.core.internal.Bundles - 	Entry: C:\Users\Vaishnavi\.p2\pool\plugins\org.apache.commons.commons-codec_1.16.0.jar
2024-08-27 13:35:30,432 [Worker-14: Launching mavenrun-e329193c-8773-4dcd-b4d7-9e04aee93e52] INFO  o.eclipse.m2e.core.internal.Bundles - getClasspathEntries(Bundle=org.apache.commons.lang3_3.14.0 [86])
2024-08-27 13:35:30,433 [Worker-14: Launching mavenrun-e329193c-8773-4dcd-b4d7-9e04aee93e52] INFO  o.eclipse.m2e.core.internal.Bundles - 	Entry: C:\Users\Vaishnavi\.p2\pool\plugins\org.apache.commons.lang3_3.14.0.jar
2024-08-27 13:35:30,433 [Worker-14: Launching mavenrun-e329193c-8773-4dcd-b4d7-9e04aee93e52] INFO  o.eclipse.m2e.core.internal.Bundles - getClasspathEntries(Bundle=com.google.guava.failureaccess_1.0.2 [15])
2024-08-27 13:35:30,434 [Worker-14: Launching mavenrun-e329193c-8773-4dcd-b4d7-9e04aee93e52] INFO  o.eclipse.m2e.core.internal.Bundles - 	Entry: C:\Users\Vaishnavi\.p2\pool\plugins\com.google.guava.failureaccess_1.0.2.jar
2024-08-27 13:35:30,446 [Worker-14: Launching mavenrun-e329193c-8773-4dcd-b4d7-9e04aee93e52] INFO  o.e.m.i.launch.MavenLaunchDelegate - Run build in "C:\Users\VAISHN~1\AppData\Local\Temp\m2e-archetypeGenerator10193884204208230635":
2024-08-27 13:35:30,452 [Worker-14: Launching mavenrun-e329193c-8773-4dcd-b4d7-9e04aee93e52] INFO  o.e.m.i.launch.MavenLaunchDelegate -  mvn  -DarchetypeGroupId=org.apache.maven.archetypes -DarchetypeArtifactId=maven-archetype-webapp -DarchetypeVersion=1.4 -DgroupId=jsp1 -DartifactId=jsp1 -Dversion=0.0.1-SNAPSHOT -Dpackage=jsp1.jsp1 -DoutputDirectory="C:\Users\Vaishnavi\eclipse-workspace\jsp servlet" -B -Dstyle.color=always -U archetype:generate
2024-08-27 13:36:01,131 [Worker-36: Creating maven-archetype-webapp] INFO  o.e.m.c.i.p.ProjectConfigurationManager - Collecting project info '/pom.xml' C:\Users\Vaishnavi\eclipse-workspace\jsp servlet\jsp1\pom.xml
2024-08-27 13:36:02,287 [Worker-36: Creating maven-archetype-webapp] INFO  o.e.m.c.i.e.AbstractTransferListenerAdapter - Downloading https://repo.maven.apache.org/maven2/org/apache/maven/plugins/maven-war-plugin/3.2.2/maven-war-plugin-3.2.2.jar
2024-08-27 13:36:02,469 [Worker-36: Creating maven-archetype-webapp] INFO  o.e.m.c.i.e.AbstractTransferListenerAdapter - Downloaded https://repo.maven.apache.org/maven2/org/apache/maven/plugins/maven-war-plugin/3.2.2/maven-war-plugin-3.2.2.jar
2024-08-27 13:36:05,644 [Worker-36: Creating maven-archetype-webapp] INFO  o.e.m.c.i.l.LifecycleMappingFactory - Using org.maven.ide.eclipse.wtp.WarLifecycleMapping lifecycle mapping for MavenProject: jsp1:jsp1:0.0.1-SNAPSHOT @ C:\Users\Vaishnavi\eclipse-workspace\jsp servlet\jsp1\pom.xml.
2024-08-27 13:36:06,023 [Worker-36: Creating maven-archetype-webapp] INFO  o.e.m.c.i.e.AbstractTransferListenerAdapter - Downloading https://repo.maven.apache.org/maven2/org/apache/maven/plugins/maven-war-plugin/3.2.2/maven-war-plugin-3.2.2.pom
2024-08-27 13:36:06,031 [Worker-36: Creating maven-archetype-webapp] INFO  o.e.m.c.i.e.AbstractTransferListenerAdapter - Downloaded https://repo.maven.apache.org/maven2/org/apache/maven/plugins/maven-war-plugin/3.2.2/maven-war-plugin-3.2.2.pom
2024-08-27 13:36:06,108 [Worker-36: Creating maven-archetype-webapp] INFO  o.e.m.c.i.e.AbstractTransferListenerAdapter - Downloading https://repo.maven.apache.org/maven2/org/apache/maven/plugins/maven-plugins/31/maven-plugins-31.pom
2024-08-27 13:36:06,153 [Worker-36: Creating maven-archetype-webapp] INFO  o.e.m.c.i.e.AbstractTransferListenerAdapter - Downloaded https://repo.maven.apache.org/maven2/org/apache/maven/plugins/maven-plugins/31/maven-plugins-31.pom
2024-08-27 13:36:06,267 [Worker-36: Creating maven-archetype-webapp] INFO  o.e.m.c.i.e.AbstractTransferListenerAdapter - Downloading https://repo.maven.apache.org/maven2/org/apache/maven/maven-archiver/3.2.0/maven-archiver-3.2.0.pom
2024-08-27 13:36:06,276 [Worker-36: Creating maven-archetype-webapp] INFO  o.e.m.c.i.e.AbstractTransferListenerAdapter - Downloaded https://repo.maven.apache.org/maven2/org/apache/maven/maven-archiver/3.2.0/maven-archiver-3.2.0.pom
2024-08-27 13:36:06,380 [Worker-36: Creating maven-archetype-webapp] INFO  o.e.m.c.i.e.AbstractTransferListenerAdapter - Downloading https://repo.maven.apache.org/maven2/org/apache/maven/shared/maven-shared-utils/3.2.0/maven-shared-utils-3.2.0.pom
2024-08-27 13:36:06,389 [Worker-36: Creating maven-archetype-webapp] INFO  o.e.m.c.i.e.AbstractTransferListenerAdapter - Downloaded https://repo.maven.apache.org/maven2/org/apache/maven/shared/maven-shared-utils/3.2.0/maven-shared-utils-3.2.0.pom
2024-08-27 13:36:06,504 [Worker-36: Creating maven-archetype-webapp] INFO  o.e.m.c.i.e.AbstractTransferListenerAdapter - Downloading https://repo.maven.apache.org/maven2/org/codehaus/plexus/plexus-archiver/3.5/plexus-archiver-3.5.pom
2024-08-27 13:36:06,550 [Worker-36: Creating maven-archetype-webapp] INFO  o.e.m.c.i.e.AbstractTransferListenerAdapter - Downloaded https://repo.maven.apache.org/maven2/org/codehaus/plexus/plexus-archiver/3.5/plexus-archiver-3.5.pom
2024-08-27 13:36:06,659 [Worker-36: Creating maven-archetype-webapp] INFO  o.e.m.c.i.e.AbstractTransferListenerAdapter - Downloading https://repo.maven.apache.org/maven2/org/codehaus/plexus/plexus/5.0/plexus-5.0.pom
2024-08-27 13:36:06,703 [Worker-36: Creating maven-archetype-webapp] INFO  o.e.m.c.i.e.AbstractTransferListenerAdapter - Downloaded https://repo.maven.apache.org/maven2/org/codehaus/plexus/plexus/5.0/plexus-5.0.pom
2024-08-27 13:36:06,787 [Worker-36: Creating maven-archetype-webapp] INFO  o.e.m.c.i.e.AbstractTransferListenerAdapter - Downloading https://repo.maven.apache.org/maven2/org/codehaus/plexus/plexus-io/3.0.0/plexus-io-3.0.0.pom
2024-08-27 13:36:06,799 [Worker-36: Creating maven-archetype-webapp] INFO  o.e.m.c.i.e.AbstractTransferListenerAdapter - Downloaded https://repo.maven.apache.org/maven2/org/codehaus/plexus/plexus-io/3.0.0/plexus-io-3.0.0.pom
2024-08-27 13:36:06,879 [Worker-36: Creating maven-archetype-webapp] INFO  o.e.m.c.i.e.AbstractTransferListenerAdapter - Downloading https://repo.maven.apache.org/maven2/org/apache/commons/commons-compress/1.14/commons-compress-1.14.pom
2024-08-27 13:36:06,890 [Worker-36: Creating maven-archetype-webapp] INFO  o.e.m.c.i.e.AbstractTransferListenerAdapter - Downloaded https://repo.maven.apache.org/maven2/org/apache/commons/commons-compress/1.14/commons-compress-1.14.pom
2024-08-27 13:36:06,979 [Worker-36: Creating maven-archetype-webapp] INFO  o.e.m.c.i.e.AbstractTransferListenerAdapter - Downloading https://repo.maven.apache.org/maven2/org/tukaani/xz/1.6/xz-1.6.pom
2024-08-27 13:36:06,985 [Worker-36: Creating maven-archetype-webapp] INFO  o.e.m.c.i.e.AbstractTransferListenerAdapter - Downloaded https://repo.maven.apache.org/maven2/org/tukaani/xz/1.6/xz-1.6.pom
2024-08-27 13:36:07,081 [Worker-36: Creating maven-archetype-webapp] INFO  o.e.m.c.i.e.AbstractTransferListenerAdapter - Downloading https://repo.maven.apache.org/maven2/org/codehaus/plexus/plexus-archiver/3.6.0/plexus-archiver-3.6.0.pom
2024-08-27 13:36:07,089 [Worker-36: Creating maven-archetype-webapp] INFO  o.e.m.c.i.e.AbstractTransferListenerAdapter - Downloaded https://repo.maven.apache.org/maven2/org/codehaus/plexus/plexus-archiver/3.6.0/plexus-archiver-3.6.0.pom
2024-08-27 13:36:07,152 [Worker-36: Creating maven-archetype-webapp] INFO  o.e.m.c.i.e.AbstractTransferListenerAdapter - Downloading https://repo.maven.apache.org/maven2/org/codehaus/plexus/plexus-utils/3.1.0/plexus-utils-3.1.0.pom
2024-08-27 13:36:07,161 [Worker-36: Creating maven-archetype-webapp] INFO  o.e.m.c.i.e.AbstractTransferListenerAdapter - Downloaded https://repo.maven.apache.org/maven2/org/codehaus/plexus/plexus-utils/3.1.0/plexus-utils-3.1.0.pom
2024-08-27 13:36:07,267 [Worker-36: Creating maven-archetype-webapp] INFO  o.e.m.c.i.e.AbstractTransferListenerAdapter - Downloading https://repo.maven.apache.org/maven2/org/codehaus/plexus/plexus-io/3.0.1/plexus-io-3.0.1.pom
2024-08-27 13:36:07,277 [Worker-36: Creating maven-archetype-webapp] INFO  o.e.m.c.i.e.AbstractTransferListenerAdapter - Downloaded https://repo.maven.apache.org/maven2/org/codehaus/plexus/plexus-io/3.0.1/plexus-io-3.0.1.pom
2024-08-27 13:36:07,354 [Worker-36: Creating maven-archetype-webapp] INFO  o.e.m.c.i.e.AbstractTransferListenerAdapter - Downloading https://repo.maven.apache.org/maven2/org/apache/commons/commons-compress/1.16.1/commons-compress-1.16.1.pom
2024-08-27 13:36:07,396 [Worker-36: Creating maven-archetype-webapp] INFO  o.e.m.c.i.e.AbstractTransferListenerAdapter - Downloaded https://repo.maven.apache.org/maven2/org/apache/commons/commons-compress/1.16.1/commons-compress-1.16.1.pom
2024-08-27 13:36:07,466 [Worker-36: Creating maven-archetype-webapp] INFO  o.e.m.c.i.e.AbstractTransferListenerAdapter - Downloading https://repo.maven.apache.org/maven2/org/apache/commons/commons-parent/43/commons-parent-43.pom
2024-08-27 13:36:07,610 [Worker-36: Creating maven-archetype-webapp] INFO  o.e.m.c.i.e.AbstractTransferListenerAdapter - Downloaded https://repo.maven.apache.org/maven2/org/apache/commons/commons-parent/43/commons-parent-43.pom
2024-08-27 13:36:07,696 [Worker-36: Creating maven-archetype-webapp] INFO  o.e.m.c.i.e.AbstractTransferListenerAdapter - Downloading https://repo.maven.apache.org/maven2/org/objenesis/objenesis/2.6/objenesis-2.6.pom
2024-08-27 13:36:07,704 [Worker-36: Creating maven-archetype-webapp] INFO  o.e.m.c.i.e.AbstractTransferListenerAdapter - Downloaded https://repo.maven.apache.org/maven2/org/objenesis/objenesis/2.6/objenesis-2.6.pom
2024-08-27 13:36:07,798 [Worker-36: Creating maven-archetype-webapp] INFO  o.e.m.c.i.e.AbstractTransferListenerAdapter - Downloading https://repo.maven.apache.org/maven2/org/objenesis/objenesis-parent/2.6/objenesis-parent-2.6.pom
2024-08-27 13:36:07,805 [Worker-36: Creating maven-archetype-webapp] INFO  o.e.m.c.i.e.AbstractTransferListenerAdapter - Downloaded https://repo.maven.apache.org/maven2/org/objenesis/objenesis-parent/2.6/objenesis-parent-2.6.pom
2024-08-27 13:36:07,896 [Worker-36: Creating maven-archetype-webapp] INFO  o.e.m.c.i.e.AbstractTransferListenerAdapter - Downloading https://repo.maven.apache.org/maven2/org/codehaus/plexus/plexus-interpolation/1.25/plexus-interpolation-1.25.pom
2024-08-27 13:36:07,903 [Worker-36: Creating maven-archetype-webapp] INFO  o.e.m.c.i.e.AbstractTransferListenerAdapter - Downloaded https://repo.maven.apache.org/maven2/org/codehaus/plexus/plexus-interpolation/1.25/plexus-interpolation-1.25.pom
2024-08-27 13:36:07,979 [Worker-36: Creating maven-archetype-webapp] INFO  o.e.m.c.i.e.AbstractTransferListenerAdapter - Downloading https://repo.maven.apache.org/maven2/com/thoughtworks/xstream/xstream/1.4.10/xstream-1.4.10.pom
2024-08-27 13:36:08,015 [Worker-36: Creating maven-archetype-webapp] INFO  o.e.m.c.i.e.AbstractTransferListenerAdapter - Downloaded https://repo.maven.apache.org/maven2/com/thoughtworks/xstream/xstream/1.4.10/xstream-1.4.10.pom
2024-08-27 13:36:08,122 [Worker-36: Creating maven-archetype-webapp] INFO  o.e.m.c.i.e.AbstractTransferListenerAdapter - Downloading https://repo.maven.apache.org/maven2/com/thoughtworks/xstream/xstream-parent/1.4.10/xstream-parent-1.4.10.pom
2024-08-27 13:36:08,134 [Worker-36: Creating maven-archetype-webapp] INFO  o.e.m.c.i.e.AbstractTransferListenerAdapter - Downloaded https://repo.maven.apache.org/maven2/com/thoughtworks/xstream/xstream-parent/1.4.10/xstream-parent-1.4.10.pom
2024-08-27 13:36:08,207 [Worker-36: Creating maven-archetype-webapp] INFO  o.e.m.c.i.e.AbstractTransferListenerAdapter - Downloading https://repo.maven.apache.org/maven2/xmlpull/xmlpull/1.1.3.1/xmlpull-1.1.3.1.pom
2024-08-27 13:36:08,215 [Worker-36: Creating maven-archetype-webapp] INFO  o.e.m.c.i.e.AbstractTransferListenerAdapter - Downloaded https://repo.maven.apache.org/maven2/xmlpull/xmlpull/1.1.3.1/xmlpull-1.1.3.1.pom
2024-08-27 13:36:08,276 [Worker-36: Creating maven-archetype-webapp] INFO  o.e.m.c.i.e.AbstractTransferListenerAdapter - Downloading https://repo.maven.apache.org/maven2/xpp3/xpp3_min/1.1.4c/xpp3_min-1.1.4c.pom
2024-08-27 13:36:08,283 [Worker-36: Creating maven-archetype-webapp] INFO  o.e.m.c.i.e.AbstractTransferListenerAdapter - Downloaded https://repo.maven.apache.org/maven2/xpp3/xpp3_min/1.1.4c/xpp3_min-1.1.4c.pom
2024-08-27 13:36:08,570 [Worker-36: Creating maven-archetype-webapp] INFO  o.e.m.c.i.e.AbstractTransferListenerAdapter - Downloading https://repo.maven.apache.org/maven2/org/apache/maven/shared/maven-mapping/3.0.0/maven-mapping-3.0.0.pom
2024-08-27 13:36:08,585 [Worker-36: Creating maven-archetype-webapp] INFO  o.e.m.c.i.e.AbstractTransferListenerAdapter - Downloaded https://repo.maven.apache.org/maven2/org/apache/maven/shared/maven-mapping/3.0.0/maven-mapping-3.0.0.pom
2024-08-27 13:36:08,719 [Worker-36: Creating maven-archetype-webapp] INFO  o.e.m.c.i.e.AbstractTransferListenerAdapter - Downloading https://repo.maven.apache.org/maven2/org/codehaus/plexus/plexus-interpolation/1.21/plexus-interpolation-1.21.pom
2024-08-27 13:36:08,730 [Worker-36: Creating maven-archetype-webapp] INFO  o.e.m.c.i.e.AbstractTransferListenerAdapter - Downloaded https://repo.maven.apache.org/maven2/org/codehaus/plexus/plexus-interpolation/1.21/plexus-interpolation-1.21.pom
2024-08-27 13:36:08,925 [Worker-36: Creating maven-archetype-webapp] INFO  o.e.m.c.i.e.AbstractTransferListenerAdapter - Downloading https://repo.maven.apache.org/maven2/org/apache/maven/maven-archiver/3.2.0/maven-archiver-3.2.0.jar
2024-08-27 13:36:08,959 [Worker-36: Creating maven-archetype-webapp] INFO  o.e.m.c.i.e.AbstractTransferListenerAdapter - Downloaded https://repo.maven.apache.org/maven2/org/apache/maven/maven-archiver/3.2.0/maven-archiver-3.2.0.jar
2024-08-27 13:36:09,045 [BasicRepositoryConnector-repo.maven.apache.org-0-0] INFO  o.e.m.c.i.e.AbstractTransferListenerAdapter - Downloading https://repo.maven.apache.org/maven2/org/apache/maven/shared/maven-shared-utils/3.2.0/maven-shared-utils-3.2.0.jar
2024-08-27 13:36:09,215 [BasicRepositoryConnector-repo.maven.apache.org-0-0] INFO  o.e.m.c.i.e.AbstractTransferListenerAdapter - Downloaded https://repo.maven.apache.org/maven2/org/apache/maven/shared/maven-shared-utils/3.2.0/maven-shared-utils-3.2.0.jar
2024-08-27 13:36:09,391 [BasicRepositoryConnector-repo.maven.apache.org-0-3] INFO  o.e.m.c.i.e.AbstractTransferListenerAdapter - Downloading https://repo.maven.apache.org/maven2/org/apache/commons/commons-compress/1.16.1/commons-compress-1.16.1.jar
2024-08-27 13:36:09,406 [BasicRepositoryConnector-repo.maven.apache.org-0-4] INFO  o.e.m.c.i.e.AbstractTransferListenerAdapter - Downloading https://repo.maven.apache.org/maven2/org/objenesis/objenesis/2.6/objenesis-2.6.jar
2024-08-27 13:36:09,409 [BasicRepositoryConnector-repo.maven.apache.org-0-1] INFO  o.e.m.c.i.e.AbstractTransferListenerAdapter - Downloading https://repo.maven.apache.org/maven2/org/codehaus/plexus/plexus-archiver/3.6.0/plexus-archiver-3.6.0.jar
2024-08-27 13:36:09,443 [BasicRepositoryConnector-repo.maven.apache.org-0-0] INFO  o.e.m.c.i.e.AbstractTransferListenerAdapter - Downloading https://repo.maven.apache.org/maven2/org/codehaus/plexus/plexus-interpolation/1.25/plexus-interpolation-1.25.jar
2024-08-27 13:36:09,443 [BasicRepositoryConnector-repo.maven.apache.org-0-2] INFO  o.e.m.c.i.e.AbstractTransferListenerAdapter - Downloading https://repo.maven.apache.org/maven2/org/codehaus/plexus/plexus-io/3.0.1/plexus-io-3.0.1.jar
2024-08-27 13:36:09,567 [BasicRepositoryConnector-repo.maven.apache.org-0-0] INFO  o.e.m.c.i.e.AbstractTransferListenerAdapter - Downloaded https://repo.maven.apache.org/maven2/org/codehaus/plexus/plexus-interpolation/1.25/plexus-interpolation-1.25.jar
2024-08-27 13:36:09,623 [BasicRepositoryConnector-repo.maven.apache.org-0-4] INFO  o.e.m.c.i.e.AbstractTransferListenerAdapter - Downloaded https://repo.maven.apache.org/maven2/org/objenesis/objenesis/2.6/objenesis-2.6.jar
2024-08-27 13:36:09,713 [BasicRepositoryConnector-repo.maven.apache.org-0-2] INFO  o.e.m.c.i.e.AbstractTransferListenerAdapter - Downloaded https://repo.maven.apache.org/maven2/org/codehaus/plexus/plexus-io/3.0.1/plexus-io-3.0.1.jar
2024-08-27 13:36:09,719 [BasicRepositoryConnector-repo.maven.apache.org-0-0] INFO  o.e.m.c.i.e.AbstractTransferListenerAdapter - Downloading https://repo.maven.apache.org/maven2/com/thoughtworks/xstream/xstream/1.4.10/xstream-1.4.10.jar
2024-08-27 13:36:09,829 [BasicRepositoryConnector-repo.maven.apache.org-0-4] INFO  o.e.m.c.i.e.AbstractTransferListenerAdapter - Downloading https://repo.maven.apache.org/maven2/xmlpull/xmlpull/1.1.3.1/xmlpull-1.1.3.1.jar
2024-08-27 13:36:09,838 [BasicRepositoryConnector-repo.maven.apache.org-0-4] INFO  o.e.m.c.i.e.AbstractTransferListenerAdapter - Downloaded https://repo.maven.apache.org/maven2/xmlpull/xmlpull/1.1.3.1/xmlpull-1.1.3.1.jar
2024-08-27 13:36:09,917 [BasicRepositoryConnector-repo.maven.apache.org-0-2] INFO  o.e.m.c.i.e.AbstractTransferListenerAdapter - Downloading https://repo.maven.apache.org/maven2/xpp3/xpp3_min/1.1.4c/xpp3_min-1.1.4c.jar
2024-08-27 13:36:10,009 [BasicRepositoryConnector-repo.maven.apache.org-0-2] INFO  o.e.m.c.i.e.AbstractTransferListenerAdapter - Downloaded https://repo.maven.apache.org/maven2/xpp3/xpp3_min/1.1.4c/xpp3_min-1.1.4c.jar
2024-08-27 13:36:10,011 [BasicRepositoryConnector-repo.maven.apache.org-0-1] INFO  o.e.m.c.i.e.AbstractTransferListenerAdapter - Downloaded https://repo.maven.apache.org/maven2/org/codehaus/plexus/plexus-archiver/3.6.0/plexus-archiver-3.6.0.jar
2024-08-27 13:36:10,177 [BasicRepositoryConnector-repo.maven.apache.org-0-4] INFO  o.e.m.c.i.e.AbstractTransferListenerAdapter - Downloading https://repo.maven.apache.org/maven2/org/codehaus/plexus/plexus-utils/3.1.0/plexus-utils-3.1.0.jar
2024-08-27 13:36:10,341 [BasicRepositoryConnector-repo.maven.apache.org-0-2] INFO  o.e.m.c.i.e.AbstractTransferListenerAdapter - Downloading https://repo.maven.apache.org/maven2/org/apache/maven/shared/maven-mapping/3.0.0/maven-mapping-3.0.0.jar
2024-08-27 13:36:10,364 [BasicRepositoryConnector-repo.maven.apache.org-0-2] INFO  o.e.m.c.i.e.AbstractTransferListenerAdapter - Downloaded https://repo.maven.apache.org/maven2/org/apache/maven/shared/maven-mapping/3.0.0/maven-mapping-3.0.0.jar
2024-08-27 13:36:10,783 [BasicRepositoryConnector-repo.maven.apache.org-0-3] INFO  o.e.m.c.i.e.AbstractTransferListenerAdapter - Downloaded https://repo.maven.apache.org/maven2/org/apache/commons/commons-compress/1.16.1/commons-compress-1.16.1.jar
2024-08-27 13:36:10,837 [BasicRepositoryConnector-repo.maven.apache.org-0-4] INFO  o.e.m.c.i.e.AbstractTransferListenerAdapter - Downloaded https://repo.maven.apache.org/maven2/org/codehaus/plexus/plexus-utils/3.1.0/plexus-utils-3.1.0.jar
2024-08-27 13:36:10,903 [BasicRepositoryConnector-repo.maven.apache.org-0-0] INFO  o.e.m.c.i.e.AbstractTransferListenerAdapter - Downloaded https://repo.maven.apache.org/maven2/com/thoughtworks/xstream/xstream/1.4.10/xstream-1.4.10.jar
2024-08-27 13:36:12,972 [Worker-36: Creating maven-archetype-webapp] INFO  o.e.m.j.i.AbstractJavaProjectConfigurator - Adding source folder /jsp1/src/main/java
2024-08-27 13:36:12,975 [Worker-36: Creating maven-archetype-webapp] INFO  o.e.m.j.i.AbstractJavaProjectConfigurator - Adding resource folder /jsp1/src/main/resources
2024-08-27 13:36:12,977 [Worker-36: Creating maven-archetype-webapp] INFO  o.e.m.j.i.AbstractJavaProjectConfigurator - Adding source folder /jsp1/src/test/java
2024-08-27 13:36:12,979 [Worker-36: Creating maven-archetype-webapp] INFO  o.e.m.j.i.AbstractJavaProjectConfigurator - Adding resource folder /jsp1/src/test/resources
2024-08-27 13:36:15,948 [Worker-36: Creating maven-archetype-webapp] INFO  o.e.m.c.i.e.AbstractTransferListenerAdapter - Downloading https://repo.maven.apache.org/maven2/org/apache/maven/plugins/maven-clean-plugin/3.1.0/maven-clean-plugin-3.1.0.pom
2024-08-27 13:36:15,958 [Worker-36: Creating maven-archetype-webapp] INFO  o.e.m.c.i.e.AbstractTransferListenerAdapter - Downloaded https://repo.maven.apache.org/maven2/org/apache/maven/plugins/maven-clean-plugin/3.1.0/maven-clean-plugin-3.1.0.pom
2024-08-27 13:36:16,327 [Worker-36: Creating maven-archetype-webapp] INFO  o.e.m.c.i.p.ProjectConfigurationManager - Imported and configured 1 project(s) in 15 sec
2024-08-27 13:36:17,251 [Worker-38: Building] INFO  o.e.m.c.i.embedder.EclipseLogger - Using 'UTF-8' encoding to copy filtered resources.
2024-08-27 13:36:17,251 [Worker-38: Building] INFO  o.e.m.c.i.embedder.EclipseLogger - skip non existing resourceDirectory C:\Users\Vaishnavi\eclipse-workspace\jsp servlet\jsp1\src\main\resources
2024-08-27 13:36:17,261 [Worker-38: Building] INFO  o.e.m.c.i.embedder.EclipseLogger - Using 'UTF-8' encoding to copy filtered resources.
2024-08-27 13:36:17,261 [Worker-38: Building] INFO  o.e.m.c.i.embedder.EclipseLogger - skip non existing resourceDirectory C:\Users\Vaishnavi\eclipse-workspace\jsp servlet\jsp1\src\test\resources
2024-08-27 14:10:44,898 [Worker-47: Building] INFO  o.e.m.c.i.embedder.EclipseLogger - Using 'UTF-8' encoding to copy filtered resources.
2024-08-27 14:10:44,898 [Worker-47: Building] INFO  o.e.m.c.i.embedder.EclipseLogger - skip non existing resourceDirectory C:\Users\Vaishnavi\eclipse-workspace\jsp servlet\jsp1\src\main\resources
2024-08-27 14:10:44,902 [Worker-47: Building] INFO  o.e.m.c.i.embedder.EclipseLogger - Using 'UTF-8' encoding to copy filtered resources.
2024-08-27 14:10:44,903 [Worker-47: Building] INFO  o.e.m.c.i.embedder.EclipseLogger - skip non existing resourceDirectory C:\Users\Vaishnavi\eclipse-workspace\jsp servlet\jsp1\src\test\resources
2024-08-27 14:29:49,844 [Worker-58: Building] INFO  o.e.m.c.i.embedder.EclipseLogger - Using 'UTF-8' encoding to copy filtered resources.
2024-08-27 14:29:49,845 [Worker-58: Building] INFO  o.e.m.c.i.embedder.EclipseLogger - skip non existing resourceDirectory C:\Users\Vaishnavi\eclipse-workspace\jsp servlet\jsp1\src\main\resources
2024-08-27 14:29:49,851 [Worker-58: Building] INFO  o.e.m.c.i.embedder.EclipseLogger - Using 'UTF-8' encoding to copy filtered resources.
2024-08-27 14:29:49,852 [Worker-58: Building] INFO  o.e.m.c.i.embedder.EclipseLogger - skip non existing resourceDirectory C:\Users\Vaishnavi\eclipse-workspace\jsp servlet\jsp1\src\test\resources
2024-08-27 14:43:29,915 [Worker-66: Building] INFO  o.e.m.c.i.embedder.EclipseLogger - Using 'UTF-8' encoding to copy filtered resources.
2024-08-27 14:43:29,916 [Worker-66: Building] INFO  o.e.m.c.i.embedder.EclipseLogger - skip non existing resourceDirectory C:\Users\Vaishnavi\eclipse-workspace\jsp servlet\jsp1\src\main\resources
2024-08-27 14:43:29,920 [Worker-66: Building] INFO  o.e.m.c.i.embedder.EclipseLogger - Using 'UTF-8' encoding to copy filtered resources.
2024-08-27 14:43:29,921 [Worker-66: Building] INFO  o.e.m.c.i.embedder.EclipseLogger - skip non existing resourceDirectory C:\Users\Vaishnavi\eclipse-workspace\jsp servlet\jsp1\src\test\resources
2024-08-27 14:44:06,254 [Worker-67: Building] INFO  o.e.m.c.i.embedder.EclipseLogger - Using 'UTF-8' encoding to copy filtered resources.
2024-08-27 14:44:06,255 [Worker-67: Building] INFO  o.e.m.c.i.embedder.EclipseLogger - skip non existing resourceDirectory C:\Users\Vaishnavi\eclipse-workspace\jsp servlet\jsp1\src\main\resources
2024-08-27 14:44:06,260 [Worker-67: Building] INFO  o.e.m.c.i.embedder.EclipseLogger - Using 'UTF-8' encoding to copy filtered resources.
2024-08-27 14:44:06,260 [Worker-67: Building] INFO  o.e.m.c.i.embedder.EclipseLogger - skip non existing resourceDirectory C:\Users\Vaishnavi\eclipse-workspace\jsp servlet\jsp1\src\test\resources
2024-08-27 14:58:59,838 [Worker-61: Building] INFO  o.e.m.c.i.embedder.EclipseLogger - Using 'UTF-8' encoding to copy filtered resources.
2024-08-27 14:58:59,839 [Worker-61: Building] INFO  o.e.m.c.i.embedder.EclipseLogger - skip non existing resourceDirectory C:\Users\Vaishnavi\eclipse-workspace\jsp servlet\jsp1\src\main\resources
2024-08-27 14:58:59,844 [Worker-61: Building] INFO  o.e.m.c.i.embedder.EclipseLogger - Using 'UTF-8' encoding to copy filtered resources.
2024-08-27 14:58:59,844 [Worker-61: Building] INFO  o.e.m.c.i.embedder.EclipseLogger - skip non existing resourceDirectory C:\Users\Vaishnavi\eclipse-workspace\jsp servlet\jsp1\src\test\resources
2024-08-27 15:18:29,887 [Worker-70: Building] INFO  o.e.m.c.i.embedder.EclipseLogger - Using 'UTF-8' encoding to copy filtered resources.
2024-08-27 15:18:29,887 [Worker-70: Building] INFO  o.e.m.c.i.embedder.EclipseLogger - skip non existing resourceDirectory C:\Users\Vaishnavi\eclipse-workspace\jsp servlet\jsp1\src\main\resources
2024-08-27 15:18:29,892 [Worker-70: Building] INFO  o.e.m.c.i.embedder.EclipseLogger - Using 'UTF-8' encoding to copy filtered resources.
2024-08-27 15:18:29,892 [Worker-70: Building] INFO  o.e.m.c.i.embedder.EclipseLogger - skip non existing resourceDirectory C:\Users\Vaishnavi\eclipse-workspace\jsp servlet\jsp1\src\test\resources
2024-08-27 15:23:30,994 [Worker-80: Building] INFO  o.e.m.c.i.embedder.EclipseLogger - Using 'UTF-8' encoding to copy filtered resources.
2024-08-27 15:23:30,994 [Worker-80: Building] INFO  o.e.m.c.i.embedder.EclipseLogger - skip non existing resourceDirectory C:\Users\Vaishnavi\eclipse-workspace\jsp servlet\jsp1\src\main\resources
2024-08-27 15:23:31,000 [Worker-80: Building] INFO  o.e.m.c.i.embedder.EclipseLogger - Using 'UTF-8' encoding to copy filtered resources.
2024-08-27 15:23:31,000 [Worker-80: Building] INFO  o.e.m.c.i.embedder.EclipseLogger - skip non existing resourceDirectory C:\Users\Vaishnavi\eclipse-workspace\jsp servlet\jsp1\src\test\resources
2024-08-27 15:28:54,296 [Worker-86: Building] INFO  o.e.m.c.i.embedder.EclipseLogger - Using 'UTF-8' encoding to copy filtered resources.
2024-08-27 15:28:54,296 [Worker-86: Building] INFO  o.e.m.c.i.embedder.EclipseLogger - skip non existing resourceDirectory C:\Users\Vaishnavi\eclipse-workspace\jsp servlet\jsp1\src\main\resources
2024-08-27 15:28:54,301 [Worker-86: Building] INFO  o.e.m.c.i.embedder.EclipseLogger - Using 'UTF-8' encoding to copy filtered resources.
2024-08-27 15:28:54,301 [Worker-86: Building] INFO  o.e.m.c.i.embedder.EclipseLogger - skip non existing resourceDirectory C:\Users\Vaishnavi\eclipse-workspace\jsp servlet\jsp1\src\test\resources
2024-08-27 15:35:35,081 [Worker-91: Building] INFO  o.e.m.c.i.embedder.EclipseLogger - Using 'UTF-8' encoding to copy filtered resources.
2024-08-27 15:35:35,082 [Worker-91: Building] INFO  o.e.m.c.i.embedder.EclipseLogger - skip non existing resourceDirectory C:\Users\Vaishnavi\eclipse-workspace\jsp servlet\jsp1\src\main\resources
2024-08-27 15:35:35,086 [Worker-91: Building] INFO  o.e.m.c.i.embedder.EclipseLogger - Using 'UTF-8' encoding to copy filtered resources.
2024-08-27 15:35:35,087 [Worker-91: Building] INFO  o.e.m.c.i.embedder.EclipseLogger - skip non existing resourceDirectory C:\Users\Vaishnavi\eclipse-workspace\jsp servlet\jsp1\src\test\resources
2024-08-27 15:36:32,515 [Worker-89: Building] INFO  o.e.m.c.i.embedder.EclipseLogger - Using 'UTF-8' encoding to copy filtered resources.
2024-08-27 15:36:32,516 [Worker-89: Building] INFO  o.e.m.c.i.embedder.EclipseLogger - skip non existing resourceDirectory C:\Users\Vaishnavi\eclipse-workspace\jsp servlet\jsp1\src\main\resources
2024-08-27 15:36:32,520 [Worker-89: Building] INFO  o.e.m.c.i.embedder.EclipseLogger - Using 'UTF-8' encoding to copy filtered resources.
2024-08-27 15:36:32,520 [Worker-89: Building] INFO  o.e.m.c.i.embedder.EclipseLogger - skip non existing resourceDirectory C:\Users\Vaishnavi\eclipse-workspace\jsp servlet\jsp1\src\test\resources
2024-08-27 15:38:21,529 [Worker-92: Building] INFO  o.e.m.c.i.embedder.EclipseLogger - Using 'UTF-8' encoding to copy filtered resources.
2024-08-27 15:38:21,531 [Worker-92: Building] INFO  o.e.m.c.i.embedder.EclipseLogger - skip non existing resourceDirectory C:\Users\Vaishnavi\eclipse-workspace\jsp servlet\jsp1\src\main\resources
2024-08-27 15:38:21,535 [Worker-92: Building] INFO  o.e.m.c.i.embedder.EclipseLogger - Using 'UTF-8' encoding to copy filtered resources.
2024-08-27 15:38:21,536 [Worker-92: Building] INFO  o.e.m.c.i.embedder.EclipseLogger - skip non existing resourceDirectory C:\Users\Vaishnavi\eclipse-workspace\jsp servlet\jsp1\src\test\resources
2024-08-28 15:24:48,048 [Worker-6: Loading available Gradle versions] INFO  o.e.b.c.i.u.g.PublishedGradleVersions - Gradle version information cache is out-of-date. Trying to update.
2024-08-28 15:36:48,649 [Worker-35: Building] INFO  o.e.m.c.i.embedder.EclipseLogger - Using 'UTF-8' encoding to copy filtered resources.
2024-08-28 15:36:48,652 [Worker-35: Building] INFO  o.e.m.c.i.embedder.EclipseLogger - skip non existing resourceDirectory C:\Users\Vaishnavi\eclipse-workspace\jsp servlet\jsp1\src\main\resources
2024-08-28 15:36:48,658 [Worker-35: Building] INFO  o.e.m.c.i.embedder.EclipseLogger - Using 'UTF-8' encoding to copy filtered resources.
2024-08-28 15:36:48,659 [Worker-35: Building] INFO  o.e.m.c.i.embedder.EclipseLogger - skip non existing resourceDirectory C:\Users\Vaishnavi\eclipse-workspace\jsp servlet\jsp1\src\test\resources
2024-08-28 15:37:00,012 [Worker-41: Building] INFO  o.e.m.c.i.embedder.EclipseLogger - Using 'UTF-8' encoding to copy filtered resources.
2024-08-28 15:37:00,012 [Worker-41: Building] INFO  o.e.m.c.i.embedder.EclipseLogger - skip non existing resourceDirectory C:\Users\Vaishnavi\eclipse-workspace\jsp servlet\jsp1\src\main\resources
2024-08-28 15:37:00,019 [Worker-41: Building] INFO  o.e.m.c.i.embedder.EclipseLogger - Using 'UTF-8' encoding to copy filtered resources.
2024-08-28 15:37:00,020 [Worker-41: Building] INFO  o.e.m.c.i.embedder.EclipseLogger - skip non existing resourceDirectory C:\Users\Vaishnavi\eclipse-workspace\jsp servlet\jsp1\src\test\resources
2024-08-28 15:48:42,986 [Worker-39: Building] INFO  o.e.m.c.i.embedder.EclipseLogger - Using 'UTF-8' encoding to copy filtered resources.
2024-08-28 15:48:42,987 [Worker-39: Building] INFO  o.e.m.c.i.embedder.EclipseLogger - skip non existing resourceDirectory C:\Users\Vaishnavi\eclipse-workspace\jsp servlet\jsp1\src\main\resources
2024-08-28 15:48:42,993 [Worker-39: Building] INFO  o.e.m.c.i.embedder.EclipseLogger - Using 'UTF-8' encoding to copy filtered resources.
2024-08-28 15:48:42,994 [Worker-39: Building] INFO  o.e.m.c.i.embedder.EclipseLogger - skip non existing resourceDirectory C:\Users\Vaishnavi\eclipse-workspace\jsp servlet\jsp1\src\test\resources
2024-08-28 16:02:21,722 [Worker-47: Building] INFO  o.e.m.c.i.embedder.EclipseLogger - Using 'UTF-8' encoding to copy filtered resources.
2024-08-28 16:02:21,722 [Worker-47: Building] INFO  o.e.m.c.i.embedder.EclipseLogger - skip non existing resourceDirectory C:\Users\Vaishnavi\eclipse-workspace\jsp servlet\jsp1\src\main\resources
2024-08-28 16:02:21,727 [Worker-47: Building] INFO  o.e.m.c.i.embedder.EclipseLogger - Using 'UTF-8' encoding to copy filtered resources.
2024-08-28 16:02:21,728 [Worker-47: Building] INFO  o.e.m.c.i.embedder.EclipseLogger - skip non existing resourceDirectory C:\Users\Vaishnavi\eclipse-workspace\jsp servlet\jsp1\src\test\resources
2024-08-28 16:03:11,371 [Worker-51: Building] INFO  o.e.m.c.i.embedder.EclipseLogger - Using 'UTF-8' encoding to copy filtered resources.
2024-08-28 16:03:11,371 [Worker-51: Building] INFO  o.e.m.c.i.embedder.EclipseLogger - skip non existing resourceDirectory C:\Users\Vaishnavi\eclipse-workspace\jsp servlet\jsp1\src\main\resources
2024-08-28 16:03:11,376 [Worker-51: Building] INFO  o.e.m.c.i.embedder.EclipseLogger - Using 'UTF-8' encoding to copy filtered resources.
2024-08-28 16:03:11,376 [Worker-51: Building] INFO  o.e.m.c.i.embedder.EclipseLogger - skip non existing resourceDirectory C:\Users\Vaishnavi\eclipse-workspace\jsp servlet\jsp1\src\test\resources
2024-08-28 16:04:40,450 [Worker-51: Building] INFO  o.e.m.c.i.embedder.EclipseLogger - Using 'UTF-8' encoding to copy filtered resources.
2024-08-28 16:04:40,451 [Worker-51: Building] INFO  o.e.m.c.i.embedder.EclipseLogger - skip non existing resourceDirectory C:\Users\Vaishnavi\eclipse-workspace\jsp servlet\jsp1\src\main\resources
2024-08-28 16:04:40,457 [Worker-51: Building] INFO  o.e.m.c.i.embedder.EclipseLogger - Using 'UTF-8' encoding to copy filtered resources.
2024-08-28 16:04:40,457 [Worker-51: Building] INFO  o.e.m.c.i.embedder.EclipseLogger - skip non existing resourceDirectory C:\Users\Vaishnavi\eclipse-workspace\jsp servlet\jsp1\src\test\resources
2024-08-28 16:05:22,708 [Worker-52: Building] INFO  o.e.m.c.i.embedder.EclipseLogger - Using 'UTF-8' encoding to copy filtered resources.
2024-08-28 16:05:22,708 [Worker-52: Building] INFO  o.e.m.c.i.embedder.EclipseLogger - skip non existing resourceDirectory C:\Users\Vaishnavi\eclipse-workspace\jsp servlet\jsp1\src\main\resources
2024-08-28 16:05:22,712 [Worker-52: Building] INFO  o.e.m.c.i.embedder.EclipseLogger - Using 'UTF-8' encoding to copy filtered resources.
2024-08-28 16:05:22,712 [Worker-52: Building] INFO  o.e.m.c.i.embedder.EclipseLogger - skip non existing resourceDirectory C:\Users\Vaishnavi\eclipse-workspace\jsp servlet\jsp1\src\test\resources
2024-08-28 16:07:56,416 [Worker-48: Building] INFO  o.e.m.c.i.embedder.EclipseLogger - Using 'UTF-8' encoding to copy filtered resources.
2024-08-28 16:07:56,417 [Worker-48: Building] INFO  o.e.m.c.i.embedder.EclipseLogger - skip non existing resourceDirectory C:\Users\Vaishnavi\eclipse-workspace\jsp servlet\jsp1\src\main\resources
2024-08-28 16:07:56,423 [Worker-48: Building] INFO  o.e.m.c.i.embedder.EclipseLogger - Using 'UTF-8' encoding to copy filtered resources.
2024-08-28 16:07:56,424 [Worker-48: Building] INFO  o.e.m.c.i.embedder.EclipseLogger - skip non existing resourceDirectory C:\Users\Vaishnavi\eclipse-workspace\jsp servlet\jsp1\src\test\resources
2024-08-28 16:08:16,510 [Worker-48: Building] INFO  o.e.m.c.i.embedder.EclipseLogger - Using 'UTF-8' encoding to copy filtered resources.
2024-08-28 16:08:16,510 [Worker-48: Building] INFO  o.e.m.c.i.embedder.EclipseLogger - skip non existing resourceDirectory C:\Users\Vaishnavi\eclipse-workspace\jsp servlet\jsp1\src\main\resources
2024-08-28 16:08:16,515 [Worker-48: Building] INFO  o.e.m.c.i.embedder.EclipseLogger - Using 'UTF-8' encoding to copy filtered resources.
2024-08-28 16:08:16,516 [Worker-48: Building] INFO  o.e.m.c.i.embedder.EclipseLogger - skip non existing resourceDirectory C:\Users\Vaishnavi\eclipse-workspace\jsp servlet\jsp1\src\test\resources
2024-08-28 16:08:37,493 [Worker-51: Building] INFO  o.e.m.c.i.embedder.EclipseLogger - Using 'UTF-8' encoding to copy filtered resources.
2024-08-28 16:08:37,493 [Worker-51: Building] INFO  o.e.m.c.i.embedder.EclipseLogger - skip non existing resourceDirectory C:\Users\Vaishnavi\eclipse-workspace\jsp servlet\jsp1\src\main\resources
2024-08-28 16:08:37,502 [Worker-51: Building] INFO  o.e.m.c.i.embedder.EclipseLogger - Using 'UTF-8' encoding to copy filtered resources.
2024-08-28 16:08:37,503 [Worker-51: Building] INFO  o.e.m.c.i.embedder.EclipseLogger - skip non existing resourceDirectory C:\Users\Vaishnavi\eclipse-workspace\jsp servlet\jsp1\src\test\resources
2024-08-28 16:08:54,096 [Worker-55: Building] INFO  o.e.m.c.i.embedder.EclipseLogger - Using 'UTF-8' encoding to copy filtered resources.
2024-08-28 16:08:54,097 [Worker-55: Building] INFO  o.e.m.c.i.embedder.EclipseLogger - skip non existing resourceDirectory C:\Users\Vaishnavi\eclipse-workspace\jsp servlet\jsp1\src\main\resources
2024-08-28 16:08:54,101 [Worker-55: Building] INFO  o.e.m.c.i.embedder.EclipseLogger - Using 'UTF-8' encoding to copy filtered resources.
2024-08-28 16:08:54,102 [Worker-55: Building] INFO  o.e.m.c.i.embedder.EclipseLogger - skip non existing resourceDirectory C:\Users\Vaishnavi\eclipse-workspace\jsp servlet\jsp1\src\test\resources
2024-08-28 16:09:24,261 [Worker-51: Building] INFO  o.e.m.c.i.embedder.EclipseLogger - Using 'UTF-8' encoding to copy filtered resources.
2024-08-28 16:09:24,261 [Worker-51: Building] INFO  o.e.m.c.i.embedder.EclipseLogger - skip non existing resourceDirectory C:\Users\Vaishnavi\eclipse-workspace\jsp servlet\jsp1\src\main\resources
2024-08-28 16:09:24,265 [Worker-51: Building] INFO  o.e.m.c.i.embedder.EclipseLogger - Using 'UTF-8' encoding to copy filtered resources.
2024-08-28 16:09:24,265 [Worker-51: Building] INFO  o.e.m.c.i.embedder.EclipseLogger - skip non existing resourceDirectory C:\Users\Vaishnavi\eclipse-workspace\jsp servlet\jsp1\src\test\resources
